{"C:\\Users\\SEEYOUAGAIN\\Desktop\\learning\\ts-express-api\\src\\app.ts": {"path":"C:\\Users\\SEEYOUAGAIN\\Desktop\\learning\\ts-express-api\\src\\app.ts","statementMap":{"0":{"start":{"line":1,"column":0},"end":{"line":1,"column":26}},"1":{"start":{"line":2,"column":0},"end":{"line":2,"column":30}},"2":{"start":{"line":3,"column":0},"end":{"line":3,"column":45}},"3":{"start":{"line":4,"column":0},"end":{"line":4,"column":41}},"4":{"start":{"line":5,"column":0},"end":{"line":5,"column":53}},"5":{"start":{"line":7,"column":12},"end":{"line":7,"column":21}},"6":{"start":{"line":9,"column":0},"end":{"line":9,"column":24}},"7":{"start":{"line":10,"column":0},"end":{"line":10,"column":24}},"8":{"start":{"line":11,"column":0},"end":{"line":11,"column":25}},"9":{"start":{"line":12,"column":0},"end":{"line":12,"column":22}},"10":{"start":{"line":14,"column":0},"end":{"line":14,"column":19}}},"fnMap":{},"branchMap":{},"s":{"0":1,"1":1,"2":1,"3":1,"4":1,"5":1,"6":1,"7":1,"8":1,"9":1,"10":1},"f":{},"b":{}}
,"C:\\Users\\SEEYOUAGAIN\\Desktop\\learning\\ts-express-api\\src\\data-source.ts": {"path":"C:\\Users\\SEEYOUAGAIN\\Desktop\\learning\\ts-express-api\\src\\data-source.ts","statementMap":{"0":{"start":{"line":1,"column":0},"end":{"line":1,"column":26}},"1":{"start":{"line":2,"column":0},"end":{"line":2,"column":37}},"2":{"start":{"line":3,"column":0},"end":{"line":3,"column":37}},"3":{"start":{"line":4,"column":0},"end":{"line":4,"column":28}},"4":{"start":{"line":6,"column":0},"end":{"line":6,"column":16}},"5":{"start":{"line":8,"column":13},"end":{"line":21,"column":3}}},"fnMap":{},"branchMap":{"0":{"loc":{"start":{"line":11,"column":10},"end":{"line":11,"column":45}},"type":"binary-expr","locations":[{"start":{"line":11,"column":10},"end":{"line":11,"column":37}},{"start":{"line":11,"column":41},"end":{"line":11,"column":45}}]}},"s":{"0":1,"1":1,"2":1,"3":1,"4":1,"5":1},"f":{},"b":{"0":[1,0]}}
,"C:\\Users\\SEEYOUAGAIN\\Desktop\\learning\\ts-express-api\\src\\controllers\\authController.ts": {"path":"C:\\Users\\SEEYOUAGAIN\\Desktop\\learning\\ts-express-api\\src\\controllers\\authController.ts","statementMap":{"0":{"start":{"line":2,"column":0},"end":{"line":2,"column":47}},"1":{"start":{"line":3,"column":0},"end":{"line":3,"column":38}},"2":{"start":{"line":4,"column":0},"end":{"line":4,"column":30}},"3":{"start":{"line":5,"column":0},"end":{"line":5,"column":31}},"4":{"start":{"line":17,"column":24},"end":{"line":40,"column":2}},"5":{"start":{"line":17,"column":86},"end":{"line":40,"column":2}},"6":{"start":{"line":18,"column":35},"end":{"line":18,"column":43}},"7":{"start":{"line":19,"column":21},"end":{"line":19,"column":54}},"8":{"start":{"line":22,"column":4},"end":{"line":26,"column":5}},"9":{"start":{"line":23,"column":8},"end":{"line":25,"column":73}},"10":{"start":{"line":27,"column":4},"end":{"line":31,"column":5}},"11":{"start":{"line":28,"column":8},"end":{"line":30,"column":73}},"12":{"start":{"line":34,"column":27},"end":{"line":34,"column":58}},"13":{"start":{"line":36,"column":17},"end":{"line":36,"column":72}},"14":{"start":{"line":37,"column":4},"end":{"line":37,"column":30}},"15":{"start":{"line":39,"column":4},"end":{"line":39,"column":74}},"16":{"start":{"line":17,"column":13},"end":{"line":17,"column":24}},"17":{"start":{"line":42,"column":21},"end":{"line":75,"column":2}},"18":{"start":{"line":42,"column":80},"end":{"line":75,"column":2}},"19":{"start":{"line":43,"column":35},"end":{"line":43,"column":43}},"20":{"start":{"line":44,"column":21},"end":{"line":44,"column":54}},"21":{"start":{"line":46,"column":17},"end":{"line":46,"column":55}},"22":{"start":{"line":47,"column":4},"end":{"line":47,"column":74}},"23":{"start":{"line":47,"column":15},"end":{"line":47,"column":74}},"24":{"start":{"line":49,"column":26},"end":{"line":49,"column":71}},"25":{"start":{"line":50,"column":4},"end":{"line":51,"column":69}},"26":{"start":{"line":51,"column":8},"end":{"line":51,"column":69}},"27":{"start":{"line":54,"column":19},"end":{"line":54,"column":51}},"28":{"start":{"line":55,"column":24},"end":{"line":59,"column":6}},"29":{"start":{"line":62,"column":25},"end":{"line":64,"column":6}},"30":{"start":{"line":67,"column":4},"end":{"line":71,"column":7}},"31":{"start":{"line":74,"column":4},"end":{"line":74,"column":30}},"32":{"start":{"line":42,"column":13},"end":{"line":42,"column":21}},"33":{"start":{"line":77,"column":23},"end":{"line":101,"column":2}},"34":{"start":{"line":77,"column":61},"end":{"line":101,"column":2}},"35":{"start":{"line":78,"column":18},"end":{"line":78,"column":42}},"36":{"start":{"line":80,"column":4},"end":{"line":82,"column":5}},"37":{"start":{"line":81,"column":8},"end":{"line":81,"column":78}},"38":{"start":{"line":84,"column":19},"end":{"line":84,"column":60}},"39":{"start":{"line":86,"column":4},"end":{"line":100,"column":5}},"40":{"start":{"line":88,"column":24},"end":{"line":88,"column":71}},"41":{"start":{"line":91,"column":31},"end":{"line":94,"column":null}},"42":{"start":{"line":97,"column":8},"end":{"line":97,"column":50}},"43":{"start":{"line":99,"column":8},"end":{"line":99,"column":74}},"44":{"start":{"line":77,"column":13},"end":{"line":77,"column":23}}},"fnMap":{"0":{"name":"(anonymous_8)","decl":{"start":{"line":17,"column":24},"end":{"line":17,"column":31}},"loc":{"start":{"line":17,"column":86},"end":{"line":40,"column":2}}},"1":{"name":"(anonymous_9)","decl":{"start":{"line":17,"column":86},"end":{"line":17,"column":null}},"loc":{"start":{"line":17,"column":86},"end":{"line":40,"column":1}}},"2":{"name":"(anonymous_10)","decl":{"start":{"line":42,"column":21},"end":{"line":42,"column":28}},"loc":{"start":{"line":42,"column":80},"end":{"line":75,"column":2}}},"3":{"name":"(anonymous_11)","decl":{"start":{"line":42,"column":80},"end":{"line":42,"column":null}},"loc":{"start":{"line":42,"column":80},"end":{"line":75,"column":1}}},"4":{"name":"(anonymous_12)","decl":{"start":{"line":77,"column":23},"end":{"line":77,"column":30}},"loc":{"start":{"line":77,"column":61},"end":{"line":101,"column":2}}},"5":{"name":"(anonymous_13)","decl":{"start":{"line":77,"column":61},"end":{"line":77,"column":null}},"loc":{"start":{"line":77,"column":61},"end":{"line":101,"column":1}}}},"branchMap":{"0":{"loc":{"start":{"line":22,"column":4},"end":{"line":26,"column":5}},"type":"if","locations":[{"start":{"line":22,"column":4},"end":{"line":26,"column":5}},{"start":{},"end":{}}]},"1":{"loc":{"start":{"line":22,"column":8},"end":{"line":22,"column":40}},"type":"binary-expr","locations":[{"start":{"line":22,"column":8},"end":{"line":22,"column":17}},{"start":{"line":22,"column":21},"end":{"line":22,"column":40}}]},"2":{"loc":{"start":{"line":27,"column":4},"end":{"line":31,"column":5}},"type":"if","locations":[{"start":{"line":27,"column":4},"end":{"line":31,"column":5}},{"start":{},"end":{}}]},"3":{"loc":{"start":{"line":27,"column":8},"end":{"line":27,"column":40}},"type":"binary-expr","locations":[{"start":{"line":27,"column":8},"end":{"line":27,"column":17}},{"start":{"line":27,"column":21},"end":{"line":27,"column":40}}]},"4":{"loc":{"start":{"line":47,"column":4},"end":{"line":47,"column":74}},"type":"if","locations":[{"start":{"line":47,"column":4},"end":{"line":47,"column":74}},{"start":{},"end":{}}]},"5":{"loc":{"start":{"line":50,"column":4},"end":{"line":51,"column":69}},"type":"if","locations":[{"start":{"line":50,"column":4},"end":{"line":51,"column":69}},{"start":{},"end":{}}]},"6":{"loc":{"start":{"line":80,"column":4},"end":{"line":82,"column":5}},"type":"if","locations":[{"start":{"line":80,"column":4},"end":{"line":82,"column":5}},{"start":{},"end":{}}]},"7":{"loc":{"start":{"line":84,"column":19},"end":{"line":84,"column":60}},"type":"binary-expr","locations":[{"start":{"line":84,"column":19},"end":{"line":84,"column":41}},{"start":{"line":84,"column":45},"end":{"line":84,"column":60}}]}},"s":{"0":2,"1":2,"2":2,"3":2,"4":2,"5":1,"6":1,"7":1,"8":1,"9":0,"10":1,"11":0,"12":1,"13":1,"14":1,"15":1,"16":2,"17":2,"18":0,"19":0,"20":0,"21":0,"22":0,"23":0,"24":0,"25":0,"26":0,"27":0,"28":0,"29":0,"30":0,"31":0,"32":2,"33":2,"34":3,"35":3,"36":3,"37":1,"38":2,"39":2,"40":2,"41":1,"42":1,"43":1,"44":2},"f":{"0":1,"1":1,"2":0,"3":0,"4":3,"5":3},"b":{"0":[0,1],"1":[1,1],"2":[0,1],"3":[1,1],"4":[0,0],"5":[0,0],"6":[1,2],"7":[2,1]}}
,"C:\\Users\\SEEYOUAGAIN\\Desktop\\learning\\ts-express-api\\src\\controllers\\profileController.ts": {"path":"C:\\Users\\SEEYOUAGAIN\\Desktop\\learning\\ts-express-api\\src\\controllers\\profileController.ts","statementMap":{"0":{"start":{"line":3,"column":0},"end":{"line":3,"column":47}},"1":{"start":{"line":4,"column":0},"end":{"line":4,"column":38}},"2":{"start":{"line":5,"column":0},"end":{"line":5,"column":30}},"3":{"start":{"line":11,"column":26},"end":{"line":13,"column":1}},"4":{"start":{"line":12,"column":2},"end":{"line":12,"column":75}},"5":{"start":{"line":11,"column":13},"end":{"line":11,"column":26}},"6":{"start":{"line":15,"column":27},"end":{"line":41,"column":2}},"7":{"start":{"line":15,"column":89},"end":{"line":41,"column":2}},"8":{"start":{"line":16,"column":11},"end":{"line":16,"column":32}},"9":{"start":{"line":17,"column":39},"end":{"line":17,"column":47}},"10":{"start":{"line":19,"column":8},"end":{"line":21,"column":9}},"11":{"start":{"line":20,"column":10},"end":{"line":20,"column":68}},"12":{"start":{"line":23,"column":8},"end":{"line":25,"column":9}},"13":{"start":{"line":24,"column":10},"end":{"line":24,"column":68}},"14":{"start":{"line":27,"column":25},"end":{"line":27,"column":58}},"15":{"start":{"line":28,"column":21},"end":{"line":28,"column":53}},"16":{"start":{"line":30,"column":8},"end":{"line":34,"column":9}},"17":{"start":{"line":31,"column":39},"end":{"line":31,"column":66}},"18":{"start":{"line":32,"column":12},"end":{"line":32,"column":31}},"19":{"start":{"line":33,"column":12},"end":{"line":33,"column":31}},"20":{"start":{"line":36,"column":8},"end":{"line":36,"column":61}},"21":{"start":{"line":36,"column":36},"end":{"line":36,"column":61}},"22":{"start":{"line":37,"column":8},"end":{"line":37,"column":84}},"23":{"start":{"line":37,"column":36},"end":{"line":37,"column":84}},"24":{"start":{"line":39,"column":8},"end":{"line":39,"column":34}},"25":{"start":{"line":40,"column":8},"end":{"line":40,"column":55}},"26":{"start":{"line":15,"column":13},"end":{"line":15,"column":27}}},"fnMap":{"0":{"name":"(anonymous_8)","decl":{"start":{"line":11,"column":26},"end":{"line":11,"column":27}},"loc":{"start":{"line":11,"column":58},"end":{"line":13,"column":1}}},"1":{"name":"(anonymous_9)","decl":{"start":{"line":15,"column":27},"end":{"line":15,"column":34}},"loc":{"start":{"line":15,"column":89},"end":{"line":41,"column":2}}},"2":{"name":"(anonymous_10)","decl":{"start":{"line":15,"column":89},"end":{"line":15,"column":null}},"loc":{"start":{"line":15,"column":89},"end":{"line":41,"column":1}}}},"branchMap":{"0":{"loc":{"start":{"line":19,"column":8},"end":{"line":21,"column":9}},"type":"if","locations":[{"start":{"line":19,"column":8},"end":{"line":21,"column":9}},{"start":{},"end":{}}]},"1":{"loc":{"start":{"line":19,"column":12},"end":{"line":19,"column":66}},"type":"binary-expr","locations":[{"start":{"line":19,"column":12},"end":{"line":19,"column":34}},{"start":{"line":19,"column":38},"end":{"line":19,"column":66}}]},"2":{"loc":{"start":{"line":23,"column":8},"end":{"line":25,"column":9}},"type":"if","locations":[{"start":{"line":23,"column":8},"end":{"line":25,"column":9}},{"start":{},"end":{}}]},"3":{"loc":{"start":{"line":23,"column":12},"end":{"line":23,"column":66}},"type":"binary-expr","locations":[{"start":{"line":23,"column":12},"end":{"line":23,"column":34}},{"start":{"line":23,"column":38},"end":{"line":23,"column":66}}]},"4":{"loc":{"start":{"line":30,"column":8},"end":{"line":34,"column":9}},"type":"if","locations":[{"start":{"line":30,"column":8},"end":{"line":34,"column":9}},{"start":{},"end":{}}]},"5":{"loc":{"start":{"line":36,"column":8},"end":{"line":36,"column":61}},"type":"if","locations":[{"start":{"line":36,"column":8},"end":{"line":36,"column":61}},{"start":{},"end":{}}]},"6":{"loc":{"start":{"line":37,"column":8},"end":{"line":37,"column":84}},"type":"if","locations":[{"start":{"line":37,"column":8},"end":{"line":37,"column":84}},{"start":{},"end":{}}]}},"s":{"0":2,"1":2,"2":2,"3":2,"4":1,"5":2,"6":2,"7":3,"8":3,"9":3,"10":3,"11":1,"12":2,"13":0,"14":2,"15":2,"16":2,"17":1,"18":1,"19":1,"20":1,"21":1,"22":1,"23":1,"24":1,"25":1,"26":2},"f":{"0":1,"1":3,"2":3},"b":{"0":[1,2],"1":[3,3],"2":[0,2],"3":[2,2],"4":[1,1],"5":[1,0],"6":[1,0]}}
,"C:\\Users\\SEEYOUAGAIN\\Desktop\\learning\\ts-express-api\\src\\entity\\User.ts": {"path":"C:\\Users\\SEEYOUAGAIN\\Desktop\\learning\\ts-express-api\\src\\entity\\User.ts","statementMap":{"0":{"start":{"line":1,"column":0},"end":{"line":1,"column":65}},"1":{"start":{"line":2,"column":0},"end":{"line":2,"column":26}},"2":{"start":{"line":5,"column":7},"end":{"line":20,"column":null}},"3":{"start":{"line":5,"column":13},"end":{"line":5,"column":17}},"4":{"start":{"line":7,"column":4},"end":{"line":7,"column":null}},"5":{"start":{"line":10,"column":4},"end":{"line":10,"column":null}},"6":{"start":{"line":13,"column":4},"end":{"line":13,"column":null}},"7":{"start":{"line":16,"column":4},"end":{"line":16,"column":null}},"8":{"start":{"line":19,"column":4},"end":{"line":19,"column":null}},"9":{"start":{"line":5,"column":13},"end":{"line":20,"column":null}}},"fnMap":{},"branchMap":{},"s":{"0":3,"1":3,"2":3,"3":3,"4":3,"5":3,"6":3,"7":3,"8":3,"9":3},"f":{},"b":{}}
,"C:\\Users\\SEEYOUAGAIN\\Desktop\\learning\\ts-express-api\\src\\middleware\\auth.ts": {"path":"C:\\Users\\SEEYOUAGAIN\\Desktop\\learning\\ts-express-api\\src\\middleware\\auth.ts","statementMap":{"0":{"start":{"line":2,"column":0},"end":{"line":2,"column":31}},"1":{"start":{"line":8,"column":31},"end":{"line":26,"column":1}},"2":{"start":{"line":9,"column":23},"end":{"line":9,"column":48}},"3":{"start":{"line":11,"column":4},"end":{"line":13,"column":5}},"4":{"start":{"line":12,"column":8},"end":{"line":12,"column":80}},"5":{"start":{"line":15,"column":18},"end":{"line":15,"column":42}},"6":{"start":{"line":17,"column":4},"end":{"line":24,"column":5}},"7":{"start":{"line":18,"column":23},"end":{"line":18,"column":57}},"8":{"start":{"line":19,"column":24},"end":{"line":19,"column":48}},"9":{"start":{"line":20,"column":8},"end":{"line":20,"column":27}},"10":{"start":{"line":21,"column":8},"end":{"line":21,"column":15}},"11":{"start":{"line":23,"column":8},"end":{"line":23,"column":77}},"12":{"start":{"line":8,"column":13},"end":{"line":8,"column":31}}},"fnMap":{"0":{"name":"(anonymous_1)","decl":{"start":{"line":8,"column":31},"end":{"line":8,"column":32}},"loc":{"start":{"line":8,"column":87},"end":{"line":26,"column":1}}}},"branchMap":{"0":{"loc":{"start":{"line":11,"column":4},"end":{"line":13,"column":5}},"type":"if","locations":[{"start":{"line":11,"column":4},"end":{"line":13,"column":5}},{"start":{},"end":{}}]},"1":{"loc":{"start":{"line":18,"column":23},"end":{"line":18,"column":57}},"type":"binary-expr","locations":[{"start":{"line":18,"column":23},"end":{"line":18,"column":45}},{"start":{"line":18,"column":49},"end":{"line":18,"column":57}}]}},"s":{"0":1,"1":1,"2":0,"3":0,"4":0,"5":0,"6":0,"7":0,"8":0,"9":0,"10":0,"11":0,"12":1},"f":{"0":0},"b":{"0":[0,0],"1":[0,0]}}
,"C:\\Users\\SEEYOUAGAIN\\Desktop\\learning\\ts-express-api\\src\\middleware\\errorHandler.ts": {"path":"C:\\Users\\SEEYOUAGAIN\\Desktop\\learning\\ts-express-api\\src\\middleware\\errorHandler.ts","statementMap":{"0":{"start":{"line":7,"column":21},"end":{"line":12,"column":1}},"1":{"start":{"line":8,"column":4},"end":{"line":8,"column":29}},"2":{"start":{"line":9,"column":4},"end":{"line":11,"column":7}},"3":{"start":{"line":14,"column":0},"end":{"line":14,"column":28}}},"fnMap":{"0":{"name":"(anonymous_0)","decl":{"start":{"line":7,"column":21},"end":{"line":7,"column":22}},"loc":{"start":{"line":7,"column":91},"end":{"line":12,"column":1}}}},"branchMap":{"0":{"loc":{"start":{"line":9,"column":15},"end":{"line":9,"column":32}},"type":"binary-expr","locations":[{"start":{"line":9,"column":15},"end":{"line":9,"column":25}},{"start":{"line":9,"column":29},"end":{"line":9,"column":32}}]},"1":{"loc":{"start":{"line":10,"column":17},"end":{"line":10,"column":55}},"type":"binary-expr","locations":[{"start":{"line":10,"column":17},"end":{"line":10,"column":28}},{"start":{"line":10,"column":32},"end":{"line":10,"column":55}}]}},"s":{"0":1,"1":0,"2":0,"3":1},"f":{"0":0},"b":{"0":[0,0],"1":[0,0]}}
,"C:\\Users\\SEEYOUAGAIN\\Desktop\\learning\\ts-express-api\\src\\routes\\authRoutes.ts": {"path":"C:\\Users\\SEEYOUAGAIN\\Desktop\\learning\\ts-express-api\\src\\routes\\authRoutes.ts","statementMap":{"0":{"start":{"line":1,"column":0},"end":{"line":1,"column":33}},"1":{"start":{"line":2,"column":0},"end":{"line":2,"column":73}},"2":{"start":{"line":3,"column":0},"end":{"line":3,"column":75}},"3":{"start":{"line":4,"column":0},"end":{"line":4,"column":53}},"4":{"start":{"line":6,"column":15},"end":{"line":6,"column":23}},"5":{"start":{"line":8,"column":0},"end":{"line":8,"column":35}},"6":{"start":{"line":9,"column":0},"end":{"line":9,"column":29}},"7":{"start":{"line":10,"column":0},"end":{"line":10,"column":33}},"8":{"start":{"line":11,"column":0},"end":{"line":11,"column":51}},"9":{"start":{"line":12,"column":0},"end":{"line":12,"column":55}},"10":{"start":{"line":14,"column":0},"end":{"line":14,"column":22}}},"fnMap":{},"branchMap":{},"s":{"0":1,"1":1,"2":1,"3":1,"4":1,"5":1,"6":1,"7":1,"8":1,"9":1,"10":1},"f":{},"b":{}}
}
