TN:
SF:src\app.ts
FNF:0
FNH:0
DA:1,1
DA:2,1
DA:3,1
DA:4,1
DA:5,1
DA:7,1
DA:9,1
DA:10,1
DA:11,1
DA:12,1
DA:14,1
LF:11
LH:11
BRF:0
BRH:0
end_of_record
TN:
SF:src\data-source.ts
FNF:0
FNH:0
DA:1,1
DA:2,1
DA:3,1
DA:4,1
DA:6,1
DA:8,1
LF:6
LH:6
BRDA:11,0,0,1
BRDA:11,0,1,0
BRF:2
BRH:1
end_of_record
TN:
SF:src\controllers\adminController.ts
FN:5,(anonymous_7)
FN:5,(anonymous_8)
FN:25,(anonymous_9)
FN:25,(anonymous_10)
FNF:4
FNH:0
FNDA:0,(anonymous_7)
FNDA:0,(anonymous_8)
FNDA:0,(anonymous_9)
FNDA:0,(anonymous_10)
DA:2,1
DA:3,1
DA:5,1
DA:6,0
DA:8,0
DA:9,0
DA:11,0
DA:13,0
DA:14,0
DA:17,0
DA:19,0
DA:21,0
DA:25,1
DA:26,0
DA:27,0
DA:28,0
DA:29,0
DA:31,0
LF:18
LH:4
BRDA:13,0,0,0
BRDA:13,0,1,0
BRF:2
BRH:0
end_of_record
TN:
SF:src\controllers\authController.ts
FN:17,(anonymous_8)
FN:17,(anonymous_9)
FN:42,(anonymous_10)
FN:42,(anonymous_11)
FN:77,(anonymous_12)
FN:77,(anonymous_13)
FN:103,(anonymous_14)
FNF:7
FNH:6
FNDA:1,(anonymous_8)
FNDA:1,(anonymous_9)
FNDA:3,(anonymous_10)
FNDA:3,(anonymous_11)
FNDA:3,(anonymous_12)
FNDA:3,(anonymous_13)
FNDA:0,(anonymous_14)
DA:2,2
DA:3,2
DA:4,2
DA:5,2
DA:17,2
DA:18,1
DA:19,1
DA:22,1
DA:23,0
DA:27,1
DA:28,0
DA:34,1
DA:36,1
DA:37,1
DA:39,1
DA:42,3
DA:43,3
DA:44,3
DA:46,3
DA:47,3
DA:49,2
DA:50,2
DA:51,1
DA:54,1
DA:55,1
DA:62,1
DA:67,1
DA:74,1
DA:77,3
DA:78,3
DA:80,3
DA:81,1
DA:84,2
DA:86,2
DA:88,2
DA:91,1
DA:97,1
DA:99,1
DA:103,2
DA:104,0
DA:105,0
LF:41
LH:37
BRDA:22,0,0,0
BRDA:22,0,1,1
BRDA:22,1,0,1
BRDA:22,1,1,1
BRDA:27,2,0,0
BRDA:27,2,1,1
BRDA:27,3,0,1
BRDA:27,3,1,1
BRDA:47,4,0,1
BRDA:47,4,1,2
BRDA:50,5,0,1
BRDA:50,5,1,1
BRDA:80,6,0,1
BRDA:80,6,1,2
BRDA:84,7,0,2
BRDA:84,7,1,0
BRF:16
BRH:13
end_of_record
TN:
SF:src\controllers\profileController.ts
FN:11,(anonymous_8)
FN:15,(anonymous_9)
FN:15,(anonymous_10)
FNF:3
FNH:3
FNDA:1,(anonymous_8)
FNDA:3,(anonymous_9)
FNDA:3,(anonymous_10)
DA:3,2
DA:4,2
DA:5,2
DA:11,2
DA:12,1
DA:15,3
DA:16,3
DA:17,3
DA:19,3
DA:20,1
DA:23,2
DA:24,0
DA:27,2
DA:28,2
DA:30,2
DA:31,1
DA:32,1
DA:33,1
DA:36,1
DA:37,1
DA:39,1
DA:40,1
LF:22
LH:21
BRDA:19,0,0,1
BRDA:19,0,1,2
BRDA:19,1,0,3
BRDA:19,1,1,3
BRDA:23,2,0,0
BRDA:23,2,1,2
BRDA:23,3,0,2
BRDA:23,3,1,2
BRDA:30,4,0,1
BRDA:30,4,1,1
BRDA:36,5,0,1
BRDA:36,5,1,0
BRDA:37,6,0,1
BRDA:37,6,1,0
BRF:14
BRH:11
end_of_record
TN:
SF:src\entity\User.ts
FNF:0
FNH:0
DA:1,3
DA:2,3
DA:5,3
DA:7,3
DA:10,3
DA:13,3
DA:16,3
DA:19,3
DA:22,3
LF:9
LH:9
BRF:0
BRH:0
end_of_record
TN:
SF:src\middleware\authMiddleware.ts
FN:14,(anonymous_1)
FN:35,(anonymous_2)
FN:36,(anonymous_3)
FNF:3
FNH:3
FNDA:1,(anonymous_1)
FNDA:3,(anonymous_2)
FNDA:1,(anonymous_3)
DA:2,2
DA:14,2
DA:15,1
DA:17,1
DA:19,1
DA:22,1
DA:24,1
DA:26,1
DA:28,1
DA:30,0
DA:35,2
DA:36,3
DA:38,1
DA:39,1
DA:42,0
LF:15
LH:13
BRDA:17,0,0,1
BRDA:17,0,1,1
BRDA:19,1,0,0
BRDA:19,1,1,1
BRDA:24,2,0,1
BRDA:24,2,1,0
BRDA:38,3,0,1
BRDA:38,3,1,0
BRDA:38,4,0,1
BRDA:38,4,1,1
BRF:10
BRH:7
end_of_record
TN:
SF:src\middleware\errorHandler.ts
FN:7,(anonymous_0)
FNF:1
FNH:0
FNDA:0,(anonymous_0)
DA:7,1
DA:8,0
DA:9,0
DA:14,1
LF:4
LH:2
BRDA:9,0,0,0
BRDA:9,0,1,0
BRDA:10,1,0,0
BRDA:10,1,1,0
BRF:4
BRH:0
end_of_record
TN:
SF:src\routes\Routes.ts
FNF:0
FNH:0
DA:1,1
DA:2,1
DA:3,1
DA:4,1
DA:5,1
DA:7,1
DA:10,1
DA:11,1
DA:12,1
DA:15,1
DA:16,1
DA:19,1
DA:20,1
DA:22,1
LF:14
LH:14
BRF:0
BRH:0
end_of_record
